<?xml version="1.0" encoding="UTF-8"?>
<!-- Generated by org.testng.reporters.JUnitReportReporter -->
<testsuite hostname="Feba-Michael" failures="0" tests="1" name="testpkg.SSCreateaccnttest" time="13.236" errors="0" timestamp="2024-02-14T13:19:28 IST" skipped="0">
  <testcase classname="testpkg.SSCreateaccnttest" name="createACCtesting" time="13.236"/>
  <system-out/>
</testsuite> <!-- testpkg.SSCreateaccnttest -->
