<?xml version="1.0" encoding="UTF-8"?>
<!-- Generated by org.testng.reporters.JUnitReportReporter -->
<testsuite hostname="Feba-Michael" failures="0" tests="1" name="testpkg.Hipporegistertest" time="6.411" errors="0" timestamp="2024-02-05T16:54:51 IST" skipped="0">
  <testcase classname="testpkg.Hipporegistertest" name="registeracctest" time="6.411"/>
  <system-out/>
</testsuite> <!-- testpkg.Hipporegistertest -->
