<?xml version="1.0" encoding="UTF-8"?>
<!-- Generated by org.testng.reporters.JUnitReportReporter -->
<testsuite hostname="Feba-Michael" failures="0" tests="4" name="testpkg.SSShoppingtest" time="78.410" errors="0" timestamp="2024-02-14T13:24:54 IST" skipped="0">
  <testcase classname="testpkg.SSShoppingtest" name="verify" time="16.810"/>
  <system-out/>
  <testcase classname="testpkg.SSShoppingtest" name="addtocart" time="19.009"/>
  <system-out/>
  <testcase classname="testpkg.SSShoppingtest" name="editaddressTest" time="12.764"/>
  <system-out/>
  <testcase classname="testpkg.SSShoppingtest" name="loggingout" time="29.827"/>
  <system-out/>
</testsuite> <!-- testpkg.SSShoppingtest -->
