<?xml version="1.0" encoding="UTF-8"?>
<!-- Generated by org.testng.reporters.JUnitReportReporter -->
<testsuite hostname="Feba-Michael" failures="0" tests="1" name="testpkg.SSLogintest" time="24.821" errors="0" timestamp="2024-02-14T13:19:28 IST" skipped="0">
  <testcase classname="testpkg.SSLogintest" name="loginvalidationtest" time="24.821"/>
  <system-out/>
</testsuite> <!-- testpkg.SSLogintest -->
