<?xml version="1.0" encoding="UTF-8"?>
<!-- Generated by org.testng.reporters.JUnitReportReporter -->
<testsuite hostname="Feba-Michael" failures="0" tests="3" name="testpkg.SassafrasHometest" time="9.070" errors="0" timestamp="2024-02-15T16:10:21 IST" skipped="0">
  <testcase classname="testpkg.SassafrasHometest" name="Logo_Titleverification_test" time="0.254"/>
  <system-out/>
  <testcase classname="testpkg.SassafrasHometest" name="mainmenu_test" time="0.207"/>
  <system-out/>
  <testcase classname="testpkg.SassafrasHometest" name="mhoveringtest" time="8.609"/>
  <system-out/>
</testsuite> <!-- testpkg.SassafrasHometest -->
