<?xml version="1.0" encoding="UTF-8"?>
<!-- Generated by org.testng.reporters.JUnitReportReporter -->
<testsuite hostname="Feba-Michael" failures="0" tests="1" name="testpkg.DCregistertest" time="5.508" errors="0" timestamp="2024-02-05T13:20:04 IST" skipped="0">
  <testcase classname="testpkg.DCregistertest" name="registerationtest" time="5.508"/>
  <system-out/>
</testsuite> <!-- testpkg.DCregistertest -->
