<?xml version="1.0" encoding="UTF-8"?>
<!-- Generated by org.testng.reporters.JUnitReportReporter -->
<testsuite hostname="Feba-Michael" failures="0" tests="4" name="testpkg.SassafrasShoppingtest" time="59.107" errors="0" timestamp="2024-02-15T16:10:21 IST" skipped="0">
  <testcase classname="testpkg.SassafrasShoppingtest" name="verify" time="19.954"/>
  <system-out/>
  <testcase classname="testpkg.SassafrasShoppingtest" name="addtocart" time="17.383"/>
  <system-out/>
  <testcase classname="testpkg.SassafrasShoppingtest" name="editaddressTest" time="11.087"/>
  <system-out/>
  <testcase classname="testpkg.SassafrasShoppingtest" name="loggingout" time="10.683"/>
  <system-out/>
</testsuite> <!-- testpkg.SassafrasShoppingtest -->
