<?xml version="1.0" encoding="UTF-8"?>
<!-- Generated by org.testng.reporters.JUnitReportReporter -->
<testsuite hostname="Feba-Michael" failures="0" tests="1" name="testpkg.SassafrasCreateacctest" time="10.763" errors="0" timestamp="2024-02-15T16:10:21 IST" skipped="0">
  <testcase classname="testpkg.SassafrasCreateacctest" name="createACCtesting" time="10.763"/>
  <system-out/>
</testsuite> <!-- testpkg.SassafrasCreateacctest -->
